g:\redis-3.0\src\win32_interop\win32\debug\win32_interop.pdb
g:\redis-3.0\src\win32_interop\win32\debug\win32_interop.idb
g:\redis-3.0\src\win32_interop\win32\debug\win32fixes.obj
g:\redis-3.0\src\win32_interop\win32\debug\win32_ansi.obj
g:\redis-3.0\src\win32_interop\win32\debug\win32_apis.obj
g:\redis-3.0\src\win32_interop\win32\debug\win32_dlmalloc.obj
g:\redis-3.0\src\win32_interop\win32\debug\win32_error.obj
g:\redis-3.0\src\win32_interop\win32\debug\win32_pthread.obj
g:\redis-3.0\src\win32_interop\win32\debug\win32_qfork_impl.obj
g:\redis-3.0\src\win32_interop\win32\debug\win32_redislog.obj
g:\redis-3.0\src\win32_interop\win32\debug\win32_signal_process.obj
g:\redis-3.0\src\win32_interop\win32\debug\win32_threadcontrol.obj
g:\redis-3.0\src\win32_interop\win32\debug\win32_time.obj
g:\redis-3.0\src\win32_interop\win32\debug\win32_wsiocp.obj
g:\redis-3.0\src\win32_interop\win32\debug\win32_commandline.obj
g:\redis-3.0\src\win32_interop\win32\debug\win32_common.obj
g:\redis-3.0\src\win32_interop\win32\debug\win32_eventlog.obj
g:\redis-3.0\src\win32_interop\win32\debug\win32_fdapi.obj
g:\redis-3.0\src\win32_interop\win32\debug\win32_fdapi_crt.obj
g:\redis-3.0\src\win32_interop\win32\debug\win32_qfork.obj
g:\redis-3.0\src\win32_interop\win32\debug\win32_rfdmap.obj
g:\redis-3.0\src\win32_interop\win32\debug\win32_service.obj
g:\redis-3.0\src\win32_interop\win32\debug\win32_stacktrace.obj
g:\redis-3.0\src\win32_interop\win32\debug\win32_variadicfunctor.obj
g:\redis-3.0\src\win32_interop\eventlog.h
g:\redis-3.0\msvs\win32\debug\win32_interop.lib
g:\redis-3.0\msvs\win32\debug\win32_interop.pdb
g:\redis-3.0\src\win32_interop\win32\debug\win32_interop.tlog\cl.command.1.tlog
g:\redis-3.0\src\win32_interop\win32\debug\win32_interop.tlog\cl.read.1.tlog
g:\redis-3.0\src\win32_interop\win32\debug\win32_interop.tlog\cl.write.1.tlog
g:\redis-3.0\src\win32_interop\win32\debug\win32_interop.tlog\custombuild.command.1.tlog
g:\redis-3.0\src\win32_interop\win32\debug\win32_interop.tlog\custombuild.read.1.tlog
g:\redis-3.0\src\win32_interop\win32\debug\win32_interop.tlog\custombuild.write.1.tlog
g:\redis-3.0\src\win32_interop\win32\debug\win32_interop.tlog\lib-link.read.1.tlog
g:\redis-3.0\src\win32_interop\win32\debug\win32_interop.tlog\lib-link.write.1.tlog
g:\redis-3.0\src\win32_interop\win32\debug\win32_interop.tlog\lib.command.1.tlog
