  cJSON.c
  MyLogger.cpp
  You are not using DLL C run time library. You must call log4cplus::initialize() once before you use any other log4cplus API.
  main.cpp
  You are not using DLL C run time library. You must call log4cplus::initialize() once before you use any other log4cplus API.
g:\ykf_git\market-k\market_project\market_project\main.cpp(970): warning C4244: “=”: 从“TQdpFtdcPriceType”转换到“float”，可能丢失数据
g:\ykf_git\market-k\market_project\market_project\main.cpp(1056): warning C4244: “=”: 从“TQdpFtdcPriceType”转换到“float”，可能丢失数据
g:\ykf_git\market-k\market_project\market_project\main.cpp(1077): warning C4244: “=”: 从“TQdpFtdcPriceType”转换到“float”，可能丢失数据
g:\ykf_git\market-k\market_project\market_project\main.cpp(1200): warning C4244: “=”: 从“TQdpFtdcPriceType”转换到“float”，可能丢失数据
  DBOperation.cpp
  Confi.cpp
  正在生成代码...
C:\Program Files (x86)\MSBuild\Microsoft.Cpp\v4.0\V140\Microsoft.CppBuild.targets(1193,5): warning MSB8030: The linker switch "Minimum Required Version" requires "SubSystem" to be set.  Without "SubSystem", the "Minimum Required Version" would not be passed to linker and could prevent to the output binary from running on older Operating Systems.
hiredis.lib(hiredis.obj) : warning LNK4099: 未找到 PDB“hiredis.pdb”(使用“hiredis.lib(hiredis.obj)”或在“G:\ykf_git\Market-K\Market_Project\Debug\hiredis.pdb”中寻找)；正在链接对象，如同没有调试信息一样
hiredis.lib(net.obj) : warning LNK4099: 未找到 PDB“hiredis.pdb”(使用“hiredis.lib(net.obj)”或在“G:\ykf_git\Market-K\Market_Project\Debug\hiredis.pdb”中寻找)；正在链接对象，如同没有调试信息一样
hiredis.lib(sds.obj) : warning LNK4099: 未找到 PDB“hiredis.pdb”(使用“hiredis.lib(sds.obj)”或在“G:\ykf_git\Market-K\Market_Project\Debug\hiredis.pdb”中寻找)；正在链接对象，如同没有调试信息一样
Win32_Interop.lib(Win32_ANSI.obj) : warning LNK4099: 未找到 PDB“Win32_Interop.pdb”(使用“Win32_Interop.lib(Win32_ANSI.obj)”或在“G:\ykf_git\Market-K\Market_Project\Debug\Win32_Interop.pdb”中寻找)；正在链接对象，如同没有调试信息一样
Win32_Interop.lib(Win32_Common.obj) : warning LNK4099: 未找到 PDB“Win32_Interop.pdb”(使用“Win32_Interop.lib(Win32_Common.obj)”或在“G:\ykf_git\Market-K\Market_Project\Debug\Win32_Interop.pdb”中寻找)；正在链接对象，如同没有调试信息一样
Win32_Interop.lib(Win32_Error.obj) : warning LNK4099: 未找到 PDB“Win32_Interop.pdb”(使用“Win32_Interop.lib(Win32_Error.obj)”或在“G:\ykf_git\Market-K\Market_Project\Debug\Win32_Interop.pdb”中寻找)；正在链接对象，如同没有调试信息一样
Win32_Interop.lib(Win32_EventLog.obj) : warning LNK4099: 未找到 PDB“Win32_Interop.pdb”(使用“Win32_Interop.lib(Win32_EventLog.obj)”或在“G:\ykf_git\Market-K\Market_Project\Debug\Win32_Interop.pdb”中寻找)；正在链接对象，如同没有调试信息一样
Win32_Interop.lib(Win32_FDAPI.obj) : warning LNK4099: 未找到 PDB“Win32_Interop.pdb”(使用“Win32_Interop.lib(Win32_FDAPI.obj)”或在“G:\ykf_git\Market-K\Market_Project\Debug\Win32_Interop.pdb”中寻找)；正在链接对象，如同没有调试信息一样
Win32_Interop.lib(Win32_fdapi_crt.obj) : warning LNK4099: 未找到 PDB“Win32_Interop.pdb”(使用“Win32_Interop.lib(Win32_fdapi_crt.obj)”或在“G:\ykf_git\Market-K\Market_Project\Debug\Win32_Interop.pdb”中寻找)；正在链接对象，如同没有调试信息一样
Win32_Interop.lib(Win32_RedisLog.obj) : warning LNK4099: 未找到 PDB“Win32_Interop.pdb”(使用“Win32_Interop.lib(Win32_RedisLog.obj)”或在“G:\ykf_git\Market-K\Market_Project\Debug\Win32_Interop.pdb”中寻找)；正在链接对象，如同没有调试信息一样
Win32_Interop.lib(win32_rfdmap.obj) : warning LNK4099: 未找到 PDB“Win32_Interop.pdb”(使用“Win32_Interop.lib(win32_rfdmap.obj)”或在“G:\ykf_git\Market-K\Market_Project\Debug\Win32_Interop.pdb”中寻找)；正在链接对象，如同没有调试信息一样
Win32_Interop.lib(Win32_Time.obj) : warning LNK4099: 未找到 PDB“Win32_Interop.pdb”(使用“Win32_Interop.lib(Win32_Time.obj)”或在“G:\ykf_git\Market-K\Market_Project\Debug\Win32_Interop.pdb”中寻找)；正在链接对象，如同没有调试信息一样
Win32_Interop.lib(Win32_variadicFunctor.obj) : warning LNK4099: 未找到 PDB“Win32_Interop.pdb”(使用“Win32_Interop.lib(Win32_variadicFunctor.obj)”或在“G:\ykf_git\Market-K\Market_Project\Debug\Win32_Interop.pdb”中寻找)；正在链接对象，如同没有调试信息一样
  Market_Project.vcxproj -> G:\ykf_git\Market-K\Market_Project\Debug\Market_Project.exe
  Market_Project.vcxproj -> G:\ykf_git\Market-K\Market_Project\Debug\Market_Project.pdb (Full PDB)
