  Performing Custom Build Tools
  子目录或文件 resources 已经存在。
  MC: Compiling EventLog.mc
  Microsoft (R) Windows (R) Resource Compiler Version 6.3.9600.17336
  
  Copyright (C) Microsoft Corporation.  All rights reserved.
  
  
  Microsoft (R) Incremental Linker Version 14.00.24215.1
  Copyright (C) Microsoft Corporation.  All rights reserved.
  
LINK : warning LNK4068: 未指定 /MACHINE；默认设置为 X86
  win32_wsiocp.c
  Win32_Time.c
  Win32_ThreadControl.c
  Win32_Signal_Process.c
  Win32_RedisLog.c
  Win32_QFork_impl.c
  Win32_PThread.c
  Win32_Error.c
  Win32_dlmalloc.c
  Win32_APIs.c
  Win32_ANSI.c
  win32fixes.c
  正在生成代码...
  Win32_variadicFunctor.cpp
  Win32_StackTrace.cpp
c:\program files (x86)\windows kits\8.1\include\um\dbghelp.h(1544): warning C4091: “typedef ”: 没有声明变量时忽略“”的左侧
c:\program files (x86)\windows kits\8.1\include\um\dbghelp.h(3190): warning C4091: “typedef ”: 没有声明变量时忽略“”的左侧
  Win32_service.cpp
  win32_rfdmap.cpp
  Win32_QFork.cpp
  Win32_fdapi_crt.cpp
  Win32_FDAPI.cpp
  Win32_EventLog.cpp
  Win32_Common.cpp
  Win32_CommandLine.cpp
  正在生成代码...
  Win32_Interop.vcxproj -> G:\redis-3.0\msvs\Win32\Debug\Win32_Interop.lib
